# JRE version: OpenJDK Runtime Environment Temurin-21.0.8+9 (21.0.8+9) (build 21.0.8+9-LTS)
# Java VM: OpenJDK 64-Bit Server VM Temurin-21.0.8+9 (21.0.8+9-LTS, mixed mode, sharing, tiered, compressed oops, compressed class ptrs, parallel gc, windows-amd64)
GC Precious Log:
 CardTable entry size: 512
 CPUs: 12 total, 12 available
 Memory: 7530M
 Large Page Support: Disabled
 NUMA Support: Disabled
 Compressed Oops: Enabled (32-bit)
 Alignments: Space 512K, Generation 512K, Heap 2M
 Heap Min Capacity: 100M
 Heap Initial Capacity: 100M
 Heap Max Capacity: 2G
 Pre-touch: Disabled
 Parallel Workers: 10
Heap:
 PSYoungGen      total 8704K, used 1353K [0x00000000d5580000, 0x00000000d6000000, 0x0000000100000000)
  eden space 7168K, 4% used [0x00000000d5580000,0x00000000d55d95b0,0x00000000d5c80000)
  from space 1536K, 64% used [0x00000000d5d80000,0x00000000d5e79210,0x00000000d5f00000)
  to   space 1024K, 0% used [0x00000000d5f00000,0x00000000d5f00000,0x00000000d6000000)
 ParOldGen       total 370688K, used 370599K [0x0000000080000000, 0x0000000096a00000, 0x00000000d5580000)
  object space 370688K, 99% used [0x0000000080000000,0x00000000969e9e10,0x0000000096a00000)
 Metaspace       used 82962K, committed 84800K, reserved 1179648K
  class space    used 8696K, committed 9536K, reserved 1048576K
GC Heap History (20 events):
Event: 889.150 GC heap before
{Heap before GC invocations=1296 (full 4):
 PSYoungGen      total 11264K, used 11240K [0x00000000d5580000, 0x00000000d6280000, 0x0000000100000000)
  eden space 10752K, 99% used [0x00000000d5580000,0x00000000d5fffa48,0x00000000d6000000)
  from space 512K, 95% used [0x00000000d6180000,0x00000000d61fa910,0x00000000d6200000)
  to   space 512K, 0% used [0x00000000d6200000,0x00000000d6200000,0x00000000d6280000)
 ParOldGen       total 363008K, used 362686K [0x0000000080000000, 0x0000000096280000, 0x00000000d5580000)
  object space 363008K, 99% used [0x0000000080000000,0x000000009622f950,0x0000000096280000)
 Metaspace       used 82544K, committed 84352K, reserved 1179648K
  class space    used 8688K, committed 9536K, reserved 1048576K
}
Event: 889.153 GC heap after
{Heap after GC invocations=1296 (full 4):
 PSYoungGen      total 11264K, used 506K [0x00000000d5580000, 0x00000000d6300000, 0x0000000100000000)
  eden space 10752K, 0% used [0x00000000d5580000,0x00000000d5580000,0x00000000d6000000)
  from space 512K, 98% used [0x00000000d6200000,0x00000000d627e920,0x00000000d6280000)
  to   space 1536K, 0% used [0x00000000d6000000,0x00000000d6000000,0x00000000d6180000)
 ParOldGen       total 363520K, used 363481K [0x0000000080000000, 0x0000000096300000, 0x00000000d5580000)
  object space 363520K, 99% used [0x0000000080000000,0x00000000962f6480,0x0000000096300000)
 Metaspace       used 82544K, committed 84352K, reserved 1179648K
  class space    used 8688K, committed 9536K, reserved 1048576K
}
Event: 889.207 GC heap before
{Heap before GC invocations=1297 (full 4):
 PSYoungGen      total 11264K, used 11248K [0x00000000d5580000, 0x00000000d6300000, 0x0000000100000000)
  eden space 10752K, 99% used [0x00000000d5580000,0x00000000d5ffd918,0x00000000d6000000)
  from space 512K, 98% used [0x00000000d6200000,0x00000000d627e920,0x00000000d6280000)
  to   space 1536K, 0% used [0x00000000d6000000,0x00000000d6000000,0x00000000d6180000)
 ParOldGen       total 363520K, used 363481K [0x0000000080000000, 0x0000000096300000, 0x00000000d5580000)
  object space 363520K, 99% used [0x0000000080000000,0x00000000962f6480,0x0000000096300000)
 Metaspace       used 82586K, committed 84416K, reserved 1179648K
  class space    used 8689K, committed 9536K, reserved 1048576K
}
Event: 889.209 GC heap after
{Heap after GC invocations=1297 (full 4):
 PSYoungGen      total 12288K, used 352K [0x00000000d5580000, 0x00000000d6280000, 0x0000000100000000)
  eden space 10752K, 0% used [0x00000000d5580000,0x00000000d5580000,0x00000000d6000000)
  from space 1536K, 22% used [0x00000000d6000000,0x00000000d6058000,0x00000000d6180000)
  to   space 1024K, 0% used [0x00000000d6180000,0x00000000d6180000,0x00000000d6280000)
 ParOldGen       total 364032K, used 363903K [0x0000000080000000, 0x0000000096380000, 0x00000000d5580000)
  object space 364032K, 99% used [0x0000000080000000,0x000000009635fdb0,0x0000000096380000)
 Metaspace       used 82586K, committed 84416K, reserved 1179648K
  class space    used 8689K, committed 9536K, reserved 1048576K
}
Event: 890.745 GC heap before
{Heap before GC invocations=1298 (full 4):
 PSYoungGen      total 12288K, used 11104K [0x00000000d5580000, 0x00000000d6280000, 0x0000000100000000)
  eden space 10752K, 100% used [0x00000000d5580000,0x00000000d6000000,0x00000000d6000000)
  from space 1536K, 22% used [0x00000000d6000000,0x00000000d6058000,0x00000000d6180000)
  to   space 1024K, 0% used [0x00000000d6180000,0x00000000d6180000,0x00000000d6280000)
 ParOldGen       total 364032K, used 363903K [0x0000000080000000, 0x0000000096380000, 0x00000000d5580000)
  object space 364032K, 99% used [0x0000000080000000,0x000000009635fdb0,0x0000000096380000)
 Metaspace       used 82621K, committed 84416K, reserved 1179648K
  class space    used 8689K, committed 9536K, reserved 1048576K
}
Event: 890.749 GC heap after
{Heap after GC invocations=1298 (full 4):
 PSYoungGen      total 11264K, used 404K [0x00000000d5580000, 0x00000000d6200000, 0x0000000100000000)
  eden space 10752K, 0% used [0x00000000d5580000,0x00000000d5580000,0x00000000d6000000)
  from space 512K, 79% used [0x00000000d6180000,0x00000000d61e5200,0x00000000d6200000)
  to   space 512K, 0% used [0x00000000d6100000,0x00000000d6100000,0x00000000d6180000)
 ParOldGen       total 364544K, used 364111K [0x0000000080000000, 0x0000000096400000, 0x00000000d5580000)
  object space 364544K, 99% used [0x0000000080000000,0x0000000096393db0,0x0000000096400000)
 Metaspace       used 82621K, committed 84416K, reserved 1179648K
  class space    used 8689K, committed 9536K, reserved 1048576K
}
Event: 890.818 GC heap before
{Heap before GC invocations=1299 (full 4):
 PSYoungGen      total 11264K, used 11153K [0x00000000d5580000, 0x00000000d6200000, 0x0000000100000000)
  eden space 10752K, 99% used [0x00000000d5580000,0x00000000d5fff5f0,0x00000000d6000000)
  from space 512K, 79% used [0x00000000d6180000,0x00000000d61e5200,0x00000000d6200000)
  to   space 512K, 0% used [0x00000000d6100000,0x00000000d6100000,0x00000000d6180000)
 ParOldGen       total 364544K, used 364111K [0x0000000080000000, 0x0000000096400000, 0x00000000d5580000)
  object space 364544K, 99% used [0x0000000080000000,0x0000000096393db0,0x0000000096400000)
 Metaspace       used 82682K, committed 84480K, reserved 1179648K
  class space    used 8689K, committed 9536K, reserved 1048576K
}
Event: 890.820 GC heap after
{Heap after GC invocations=1299 (full 4):
 PSYoungGen      total 11264K, used 512K [0x00000000d5580000, 0x00000000d6300000, 0x0000000100000000)
  eden space 10752K, 0% used [0x00000000d5580000,0x00000000d5580000,0x00000000d6000000)
  from space 512K, 100% used [0x00000000d6100000,0x00000000d6180000,0x00000000d6180000)
  to   space 1536K, 0% used [0x00000000d6180000,0x00000000d6180000,0x00000000d6300000)
 ParOldGen       total 365056K, used 364616K [0x0000000080000000, 0x0000000096480000, 0x00000000d5580000)
  object space 365056K, 99% used [0x0000000080000000,0x0000000096412268,0x0000000096480000)
 Metaspace       used 82682K, committed 84480K, reserved 1179648K
  class space    used 8689K, committed 9536K, reserved 1048576K
}
Event: 890.852 GC heap before
{Heap before GC invocations=1300 (full 4):
 PSYoungGen      total 11264K, used 11264K [0x00000000d5580000, 0x00000000d6300000, 0x0000000100000000)
  eden space 10752K, 100% used [0x00000000d5580000,0x00000000d6000000,0x00000000d6000000)
  from space 512K, 100% used [0x00000000d6100000,0x00000000d6180000,0x00000000d6180000)
  to   space 1536K, 0% used [0x00000000d6180000,0x00000000d6180000,0x00000000d6300000)
 ParOldGen       total 365056K, used 364616K [0x0000000080000000, 0x0000000096480000, 0x00000000d5580000)
  object space 365056K, 99% used [0x0000000080000000,0x0000000096412268,0x0000000096480000)
 Metaspace       used 82700K, committed 84480K, reserved 1179648K
  class space    used 8691K, committed 9536K, reserved 1048576K
}
Event: 890.860 GC heap after
{Heap after GC invocations=1300 (full 4):
 PSYoungGen      total 8704K, used 1524K [0x00000000d5580000, 0x00000000d6a00000, 0x0000000100000000)
  eden space 7168K, 0% used [0x00000000d5580000,0x00000000d5580000,0x00000000d5c80000)
  from space 1536K, 99% used [0x00000000d6180000,0x00000000d62fd260,0x00000000d6300000)
  to   space 5120K, 0% used [0x00000000d5c80000,0x00000000d5c80000,0x00000000d6180000)
 ParOldGen       total 367616K, used 367431K [0x0000000080000000, 0x0000000096700000, 0x00000000d5580000)
  object space 367616K, 99% used [0x0000000080000000,0x00000000966d1c60,0x0000000096700000)
 Metaspace       used 82700K, committed 84480K, reserved 1179648K
  class space    used 8691K, committed 9536K, reserved 1048576K
}
Event: 891.097 GC heap before
{Heap before GC invocations=1301 (full 4):
 PSYoungGen      total 8704K, used 8692K [0x00000000d5580000, 0x00000000d6a00000, 0x0000000100000000)
  eden space 7168K, 100% used [0x00000000d5580000,0x00000000d5c80000,0x00000000d5c80000)
  from space 1536K, 99% used [0x00000000d6180000,0x00000000d62fd260,0x00000000d6300000)
  to   space 5120K, 0% used [0x00000000d5c80000,0x00000000d5c80000,0x00000000d6180000)
 ParOldGen       total 367616K, used 367431K [0x0000000080000000, 0x0000000096700000, 0x00000000d5580000)
  object space 367616K, 99% used [0x0000000080000000,0x00000000966d1c60,0x0000000096700000)
 Metaspace       used 82744K, committed 84544K, reserved 1179648K
  class space    used 8693K, committed 9536K, reserved 1048576K
}
Event: 891.100 GC heap after
{Heap after GC invocations=1301 (full 4):
 PSYoungGen      total 7680K, used 448K [0x00000000d5580000, 0x00000000d6200000, 0x0000000100000000)
  eden space 7168K, 0% used [0x00000000d5580000,0x00000000d5580000,0x00000000d5c80000)
  from space 512K, 87% used [0x00000000d5c80000,0x00000000d5cf0000,0x00000000d5d00000)
  to   space 2048K, 0% used [0x00000000d6000000,0x00000000d6000000,0x00000000d6200000)
 ParOldGen       total 368128K, used 368105K [0x0000000080000000, 0x0000000096780000, 0x00000000d5580000)
  object space 368128K, 99% used [0x0000000080000000,0x000000009677a4c8,0x0000000096780000)
 Metaspace       used 82744K, committed 84544K, reserved 1179648K
  class space    used 8693K, committed 9536K, reserved 1048576K
}
Event: 892.445 GC heap before
{Heap before GC invocations=1302 (full 4):
 PSYoungGen      total 7680K, used 7615K [0x00000000d5580000, 0x00000000d6200000, 0x0000000100000000)
  eden space 7168K, 99% used [0x00000000d5580000,0x00000000d5c7fff0,0x00000000d5c80000)
  from space 512K, 87% used [0x00000000d5c80000,0x00000000d5cf0000,0x00000000d5d00000)
  to   space 2048K, 0% used [0x00000000d6000000,0x00000000d6000000,0x00000000d6200000)
 ParOldGen       total 368128K, used 368105K [0x0000000080000000, 0x0000000096780000, 0x00000000d5580000)
  object space 368128K, 99% used [0x0000000080000000,0x000000009677a4c8,0x0000000096780000)
 Metaspace       used 82765K, committed 84544K, reserved 1179648K
  class space    used 8693K, committed 9536K, reserved 1048576K
}
Event: 892.448 GC heap after
{Heap after GC invocations=1302 (full 4):
 PSYoungGen      total 7680K, used 378K [0x00000000d5580000, 0x00000000d6080000, 0x0000000100000000)
  eden space 7168K, 0% used [0x00000000d5580000,0x00000000d5580000,0x00000000d5c80000)
  from space 512K, 73% used [0x00000000d6000000,0x00000000d605e920,0x00000000d6080000)
  to   space 1024K, 0% used [0x00000000d5e80000,0x00000000d5e80000,0x00000000d5f80000)
 ParOldGen       total 368640K, used 368361K [0x0000000080000000, 0x0000000096800000, 0x00000000d5580000)
  object space 368640K, 99% used [0x0000000080000000,0x00000000967ba4c8,0x0000000096800000)
 Metaspace       used 82765K, committed 84544K, reserved 1179648K
  class space    used 8693K, committed 9536K, reserved 1048576K
}
Event: 892.842 GC heap before
{Heap before GC invocations=1303 (full 4):
 PSYoungGen      total 7680K, used 7546K [0x00000000d5580000, 0x00000000d6080000, 0x0000000100000000)
  eden space 7168K, 100% used [0x00000000d5580000,0x00000000d5c80000,0x00000000d5c80000)
  from space 512K, 73% used [0x00000000d6000000,0x00000000d605e920,0x00000000d6080000)
  to   space 1024K, 0% used [0x00000000d5e80000,0x00000000d5e80000,0x00000000d5f80000)
 ParOldGen       total 368640K, used 368361K [0x0000000080000000, 0x0000000096800000, 0x00000000d5580000)
  object space 368640K, 99% used [0x0000000080000000,0x00000000967ba4c8,0x0000000096800000)
 Metaspace       used 82793K, committed 84544K, reserved 1179648K
  class space    used 8693K, committed 9536K, reserved 1048576K
}
Event: 892.844 GC heap after
{Heap after GC invocations=1303 (full 4):
 PSYoungGen      total 8192K, used 288K [0x00000000d5580000, 0x00000000d6080000, 0x0000000100000000)
  eden space 7168K, 0% used [0x00000000d5580000,0x00000000d5580000,0x00000000d5c80000)
  from space 1024K, 28% used [0x00000000d5e80000,0x00000000d5ec8000,0x00000000d5f80000)
  to   space 512K, 0% used [0x00000000d6000000,0x00000000d6000000,0x00000000d6080000)
 ParOldGen       total 368640K, used 368529K [0x0000000080000000, 0x0000000096800000, 0x00000000d5580000)
  object space 368640K, 99% used [0x0000000080000000,0x00000000967e44e8,0x0000000096800000)
 Metaspace       used 82793K, committed 84544K, reserved 1179648K
  class space    used 8693K, committed 9536K, reserved 1048576K
}
Event: 892.897 GC heap before
{Heap before GC invocations=1304 (full 4):
 PSYoungGen      total 8192K, used 7456K [0x00000000d5580000, 0x00000000d6080000, 0x0000000100000000)
  eden space 7168K, 100% used [0x00000000d5580000,0x00000000d5c80000,0x00000000d5c80000)
  from space 1024K, 28% used [0x00000000d5e80000,0x00000000d5ec8000,0x00000000d5f80000)
  to   space 512K, 0% used [0x00000000d6000000,0x00000000d6000000,0x00000000d6080000)
 ParOldGen       total 368640K, used 368529K [0x0000000080000000, 0x0000000096800000, 0x00000000d5580000)
  object space 368640K, 99% used [0x0000000080000000,0x00000000967e44e8,0x0000000096800000)
 Metaspace       used 82813K, committed 84608K, reserved 1179648K
  class space    used 8694K, committed 9536K, reserved 1048576K
}
Event: 892.902 GC heap after
{Heap after GC invocations=1304 (full 4):
 PSYoungGen      total 7680K, used 484K [0x00000000d5580000, 0x00000000d6080000, 0x0000000100000000)
  eden space 7168K, 0% used [0x00000000d5580000,0x00000000d5580000,0x00000000d5c80000)
  from space 512K, 94% used [0x00000000d6000000,0x00000000d6079210,0x00000000d6080000)
  to   space 1024K, 0% used [0x00000000d5e80000,0x00000000d5e80000,0x00000000d5f80000)
 ParOldGen       total 369152K, used 368685K [0x0000000080000000, 0x0000000096880000, 0x00000000d5580000)
  object space 369152K, 99% used [0x0000000080000000,0x000000009680b770,0x0000000096880000)
 Metaspace       used 82813K, committed 84608K, reserved 1179648K
  class space    used 8694K, committed 9536K, reserved 1048576K
}
Event: 892.963 GC heap before
{Heap before GC invocations=1305 (full 4):
 PSYoungGen      total 7680K, used 7652K [0x00000000d5580000, 0x00000000d6080000, 0x0000000100000000)
  eden space 7168K, 100% used [0x00000000d5580000,0x00000000d5c80000,0x00000000d5c80000)
  from space 512K, 94% used [0x00000000d6000000,0x00000000d6079210,0x00000000d6080000)
  to   space 1024K, 0% used [0x00000000d5e80000,0x00000000d5e80000,0x00000000d5f80000)
 ParOldGen       total 369152K, used 368685K [0x0000000080000000, 0x0000000096880000, 0x00000000d5580000)
  object space 369152K, 99% used [0x0000000080000000,0x000000009680b770,0x0000000096880000)
 Metaspace       used 82851K, committed 84608K, reserved 1179648K
  class space    used 8694K, committed 9536K, reserved 1048576K
}
Event: 892.967 GC heap after
{Heap after GC invocations=1305 (full 4):
 PSYoungGen      total 8192K, used 900K [0x00000000d5580000, 0x00000000d6080000, 0x0000000100000000)
  eden space 7168K, 0% used [0x00000000d5580000,0x00000000d5580000,0x00000000d5c80000)
  from space 1024K, 87% used [0x00000000d5e80000,0x00000000d5f61210,0x00000000d5f80000)
  to   space 1024K, 0% used [0x00000000d5f80000,0x00000000d5f80000,0x00000000d6080000)
 ParOldGen       total 369152K, used 369150K [0x0000000080000000, 0x0000000096880000, 0x00000000d5580000)
  object space 369152K, 99% used [0x0000000080000000,0x000000009687f990,0x0000000096880000)
 Metaspace       used 82851K, committed 84608K, reserved 1179648K
  class space    used 8694K, committed 9536K, reserved 1048576K
}

